#
# There is insufficient memory for the Java Runtime Environment to continue.
# Native memory allocation (malloc) failed to allocate 32744 bytes for ChunkPool::allocate
# Possible reasons:
#   The system is out of physical RAM or swap space
#   In 32 bit mode, the process size limit was hit
# Possible solutions:
#   Reduce memory load on the system
#   Increase physical memory or swap space
#   Check if swap backing store is full
#   Use 64 bit Java on a 64 bit OS
#   Decrease Java heap size (-Xmx/-Xms)
#   Decrease number of Java threads
#   Decrease Java thread stack sizes (-Xss)
#   Set larger code cache with -XX:ReservedCodeCacheSize=
# This output file may be truncated or incomplete.
#
#  Out of Memory Error (allocation.cpp:273), pid=5500, tid=0x00000000000028d4
#
# JRE version: OpenJDK Runtime Environment (8.0_112-b06) (build 1.8.0_112-release-b06)
# Java VM: OpenJDK 64-Bit Server VM (25.112-b06 mixed mode windows-amd64 compressed oops)
# Failed to write core dump. Minidumps are not enabled by default on client versions of Windows
#

---------------  T H R E A D  ---------------

Current thread (0x0000000056118800):  JavaThread "C2 CompilerThread0" daemon [_thread_in_native, id=10452, stack(0x0000000057230000,0x0000000057330000)]

Stack: [0x0000000057230000,0x0000000057330000]
[error occurred during error reporting (printing stack bounds), id 0xc0000005]

Native frames: (J=compiled Java code, j=interpreted, Vv=VM code, C=native code)


Current CompileTask:
C2:3558887 11580       4       org.gradle.api.internal.changedetection.state.CachingFileHasher::snapshot (100 bytes)


---------------  P R O C E S S  ---------------

Java Threads: ( => current thread )
  0x000000005b67d800 JavaThread "Cache update executor" [_thread_blocked, id=5548, stack(0x0000000060820000,0x0000000060920000)]
  0x000000005b23a800 JavaThread "Stdin handler" [_thread_blocked, id=6068, stack(0x000000005d6e0000,0x000000005d7e0000)]
  0x000000005b239000 JavaThread "Asynchronous log dispatcher for DefaultDaemonConnection: socket connection from /127.0.0.1:64677 to /127.0.0.1:55777" [_thread_blocked, id=9700, stack(0x0000000059f70000,0x000000005a070000)]
  0x000000005b237800 JavaThread "Daemon worker Thread 3" [_thread_in_native, id=11092, stack(0x000000005a1e0000,0x000000005a2e0000)]
  0x000000005b237000 JavaThread "Cancel handler" [_thread_blocked, id=3152, stack(0x000000005a0d0000,0x000000005a1d0000)]
  0x000000005b238800 JavaThread "Handler for socket connection from /127.0.0.1:64677 to /127.0.0.1:55777" [_thread_in_native, id=7476, stack(0x0000000059e60000,0x0000000059f60000)]
  0x000000005b234800 JavaThread "Daemon Thread 3" [_thread_blocked, id=8964, stack(0x0000000059c70000,0x0000000059d70000)]
  0x000000005b236000 JavaThread "pool-2-thread-1" [_thread_blocked, id=7496, stack(0x000000005db50000,0x000000005dc50000)]
  0x0000000059133000 JavaThread "File lock request listener" [_thread_in_native, id=8780, stack(0x000000005b790000,0x000000005b890000)]
  0x00000000581b8000 JavaThread "pool-1-thread-1" [_thread_blocked, id=3056, stack(0x0000000059b00000,0x0000000059c00000)]
  0x0000000057d25000 JavaThread "Incoming local TCP Connector on port 64677" [_thread_in_native, id=10384, stack(0x00000000596c0000,0x00000000597c0000)]
  0x0000000056128800 JavaThread "Service Thread" daemon [_thread_blocked, id=6540, stack(0x00000000570c0000,0x00000000571c0000)]
  0x000000005611c800 JavaThread "C1 CompilerThread1" daemon [_thread_blocked, id=8412, stack(0x0000000057440000,0x0000000057540000)]
=>0x0000000056118800 JavaThread "C2 CompilerThread0" daemon [_thread_in_native, id=10452, stack(0x0000000057230000,0x0000000057330000)]
  0x0000000056116800 JavaThread "Attach Listener" daemon [_thread_blocked, id=1252, stack(0x0000000056e20000,0x0000000056f20000)]
  0x0000000056115800 JavaThread "Signal Dispatcher" daemon [_thread_blocked, id=6180, stack(0x0000000056f60000,0x0000000057060000)]
  0x00000000560fc000 JavaThread "Finalizer" daemon [_thread_blocked, id=6148, stack(0x0000000056cc0000,0x0000000056dc0000)]
  0x00000000560b3000 JavaThread "Reference Handler" daemon [_thread_blocked, id=4200, stack(0x0000000056bc0000,0x0000000056cc0000)]
  0x000000000224d800 JavaThread "main" [_thread_blocked, id=7016, stack(0x0000000002420000,0x0000000002520000)]

Other Threads:
  0x00000000560ab000 VMThread [stack: 0x0000000056960000,0x0000000056a60000] [id=8640]
  0x000000005612b000 WatcherThread [stack: 0x0000000057600000,0x0000000057700000] [id=9560]

VM state:not at safepoint (normal execution)

VM Mutex/Monitor currently owned by a thread: None

Heap:
 PSYoungGen      total 338432K, used 127063K [0x00000000e0000000, 0x00000000f6800000, 0x0000000100000000)
  eden space 308224K, 37% used [0x00000000e0000000,0x00000000e71d70d8,0x00000000f2d00000)
  from space 30208K, 34% used [0x00000000f2d00000,0x00000000f373ee50,0x00000000f4a80000)
  to   space 24064K, 0% used [0x00000000f4d00000,0x00000000f4d00000,0x00000000f6480000)
 ParOldGen       total 125440K, used 51918K [0x00000000a0000000, 0x00000000a7a80000, 0x00000000e0000000)
  object space 125440K, 41% used [0x00000000a0000000,0x00000000a32b3940,0x00000000a7a80000)
 Metaspace       used 67282K, capacity 70304K, committed 70400K, reserved 1110016K
  class space    used 8804K, capacity 9410K, committed 9472K, reserved 1048576K

Card table byte_map: [0x0000000011bb0000,0x0000000011ec0000] byte_map_base: 0x00000000116b0000

Marking Bits: (ParMarkBitMap*) 0x00000000663b18f0
 Begin Bits: [0x0000000012480000, 0x0000000013c80000)
 End Bits:   [0x0000000013c80000, 0x0000000015480000)

Polling page: 0x0000000000140000

CodeCache: size=245760Kb used=33815Kb max_used=33829Kb free=211944Kb
 bounds [0x00000000027f0000, 0x0000000004920000, 0x00000000117f0000]
 total_blobs=10508 nmethods=9709 adapters=712
 compilation: enabled

Compilation events (10 events):
Event: 3557.411 Thread 0x000000005611c800 11577       3       com.google.common.base.CharMatcher::showCharacter (70 bytes)
Event: 3557.412 Thread 0x000000005611c800 nmethod 11577 0x0000000004910ad0 code [0x0000000004910ca0, 0x0000000004911598]
Event: 3557.413 Thread 0x000000005611c800 11578       3       com.google.common.base.CharMatcher$FastMatcher::<init> (6 bytes)
Event: 3557.413 Thread 0x000000005611c800 nmethod 11578 0x0000000004910650 code [0x00000000049107c0, 0x00000000049109f0]
Event: 3557.428 Thread 0x0000000056118800 nmethod 11573 0x0000000004916a90 code [0x0000000004916ca0, 0x0000000004917cf8]
Event: 3557.428 Thread 0x0000000056118800 11574       4       org.gradle.api.internal.file.collections.jdk7.Jdk7DirectoryWalker$1::getFileVisitDetails (113 bytes)
Event: 3557.473 Thread 0x0000000056118800 nmethod 11574 0x0000000004919790 code [0x00000000049199c0, 0x000000000491a9b0]
Event: 3557.806 Thread 0x0000000056118800 11579       4       org.gradle.api.specs.NotSpec::isSatisfiedBy (19 bytes)
Event: 3557.830 Thread 0x0000000056118800 nmethod 11579 0x000000000491bc50 code [0x000000000491be60, 0x000000000491cc48]
Event: 3558.521 Thread 0x0000000056118800 11580       4       org.gradle.api.internal.changedetection.state.CachingFileHasher::snapshot (100 bytes)

GC Heap History (10 events):
Event: 70.618 GC heap before
{Heap before GC invocations=10 (full 2):
 PSYoungGen      total 168960K, used 168557K [0x00000000e0000000, 0x00000000f0980000, 0x0000000100000000)
  eden space 155648K, 100% used [0x00000000e0000000,0x00000000e9800000,0x00000000e9800000)
  from space 13312K, 96% used [0x00000000e9800000,0x00000000ea49b5c8,0x00000000ea500000)
  to   space 15360K, 0% used [0x00000000efa80000,0x00000000efa80000,0x00000000f0980000)
 ParOldGen       total 72192K, used 16866K [0x00000000a0000000, 0x00000000a4680000, 0x00000000e0000000)
  object space 72192K, 23% used [0x00000000a0000000,0x00000000a1078b88,0x00000000a4680000)
 Metaspace       used 44089K, capacity 45058K, committed 45312K, reserved 1089536K
  class space    used 5801K, capacity 6041K, committed 6144K, reserved 1048576K
Event: 70.687 GC heap after
Heap after GC invocations=10 (full 2):
 PSYoungGen      total 253952K, used 13861K [0x00000000e0000000, 0x00000000f0a00000, 0x0000000100000000)
  eden space 238592K, 0% used [0x00000000e0000000,0x00000000e0000000,0x00000000ee900000)
  from space 15360K, 90% used [0x00000000efa80000,0x00000000f08095c0,0x00000000f0980000)
  to   space 16896K, 0% used [0x00000000ee900000,0x00000000ee900000,0x00000000ef980000)
 ParOldGen       total 72192K, used 16866K [0x00000000a0000000, 0x00000000a4680000, 0x00000000e0000000)
  object space 72192K, 23% used [0x00000000a0000000,0x00000000a1078b88,0x00000000a4680000)
 Metaspace       used 44089K, capacity 45058K, committed 45312K, reserved 1089536K
  class space    used 5801K, capacity 6041K, committed 6144K, reserved 1048576K
}
Event: 83.383 GC heap before
{Heap before GC invocations=11 (full 2):
 PSYoungGen      total 253952K, used 252453K [0x00000000e0000000, 0x00000000f0a00000, 0x0000000100000000)
  eden space 238592K, 100% used [0x00000000e0000000,0x00000000ee900000,0x00000000ee900000)
  from space 15360K, 90% used [0x00000000efa80000,0x00000000f08095c0,0x00000000f0980000)
  to   space 16896K, 0% used [0x00000000ee900000,0x00000000ee900000,0x00000000ef980000)
 ParOldGen       total 72192K, used 16866K [0x00000000a0000000, 0x00000000a4680000, 0x00000000e0000000)
  object space 72192K, 23% used [0x00000000a0000000,0x00000000a1078b88,0x00000000a4680000)
 Metaspace       used 50802K, capacity 52440K, committed 52608K, reserved 1095680K
  class space    used 6828K, capacity 7200K, committed 7296K, reserved 1048576K
Event: 83.595 GC heap after
Heap after GC invocations=11 (full 2):
 PSYoungGen      total 255488K, used 16895K [0x00000000e0000000, 0x00000000f6480000, 0x0000000100000000)
  eden space 238592K, 0% used [0x00000000e0000000,0x00000000e0000000,0x00000000ee900000)
  from space 16896K, 99% used [0x00000000ee900000,0x00000000ef97ffd0,0x00000000ef980000)
  to   space 24064K, 0% used [0x00000000f4d00000,0x00000000f4d00000,0x00000000f6480000)
 ParOldGen       total 72192K, used 28341K [0x00000000a0000000, 0x00000000a4680000, 0x00000000e0000000)
  object space 72192K, 39% used [0x00000000a0000000,0x00000000a1bad680,0x00000000a4680000)
 Metaspace       used 50802K, capacity 52440K, committed 52608K, reserved 1095680K
  class space    used 6828K, capacity 7200K, committed 7296K, reserved 1048576K
}
Event: 124.737 GC heap before
{Heap before GC invocations=12 (full 2):
 PSYoungGen      total 255488K, used 170295K [0x00000000e0000000, 0x00000000f6480000, 0x0000000100000000)
  eden space 238592K, 64% used [0x00000000e0000000,0x00000000e95cdca0,0x00000000ee900000)
  from space 16896K, 99% used [0x00000000ee900000,0x00000000ef97ffd0,0x00000000ef980000)
  to   space 24064K, 0% used [0x00000000f4d00000,0x00000000f4d00000,0x00000000f6480000)
 ParOldGen       total 72192K, used 28341K [0x00000000a0000000, 0x00000000a4680000, 0x00000000e0000000)
  object space 72192K, 39% used [0x00000000a0000000,0x00000000a1bad680,0x00000000a4680000)
 Metaspace       used 56693K, capacity 59042K, committed 59136K, reserved 1099776K
  class space    used 7587K, capacity 8102K, committed 8192K, reserved 1048576K
Event: 124.832 GC heap after
Heap after GC invocations=12 (full 2):
 PSYoungGen      total 332288K, used 24037K [0x00000000e0000000, 0x00000000f6800000, 0x0000000100000000)
  eden space 308224K, 0% used [0x00000000e0000000,0x00000000e0000000,0x00000000f2d00000)
  from space 24064K, 99% used [0x00000000f4d00000,0x00000000f6479778,0x00000000f6480000)
  to   space 30208K, 0% used [0x00000000f2d00000,0x00000000f2d00000,0x00000000f4a80000)
 ParOldGen       total 72192K, used 36043K [0x00000000a0000000, 0x00000000a4680000, 0x00000000e0000000)
  object space 72192K, 49% used [0x00000000a0000000,0x00000000a2332f18,0x00000000a4680000)
 Metaspace       used 56693K, capacity 59042K, committed 59136K, reserved 1099776K
  class space    used 7587K, capacity 8102K, committed 8192K, reserved 1048576K
}
Event: 124.832 GC heap before
{Heap before GC invocations=13 (full 3):
 PSYoungGen      total 332288K, used 24037K [0x00000000e0000000, 0x00000000f6800000, 0x0000000100000000)
  eden space 308224K, 0% used [0x00000000e0000000,0x00000000e0000000,0x00000000f2d00000)
  from space 24064K, 99% used [0x00000000f4d00000,0x00000000f6479778,0x00000000f6480000)
  to   space 30208K, 0% used [0x00000000f2d00000,0x00000000f2d00000,0x00000000f4a80000)
 ParOldGen       total 72192K, used 36043K [0x00000000a0000000, 0x00000000a4680000, 0x00000000e0000000)
  object space 72192K, 49% used [0x00000000a0000000,0x00000000a2332f18,0x00000000a4680000)
 Metaspace       used 56693K, capacity 59042K, committed 59136K, reserved 1099776K
  class space    used 7587K, capacity 8102K, committed 8192K, reserved 1048576K
Event: 126.087 GC heap after
Heap after GC invocations=13 (full 3):
 PSYoungGen      total 332288K, used 0K [0x00000000e0000000, 0x00000000f6800000, 0x0000000100000000)
  eden space 308224K, 0% used [0x00000000e0000000,0x00000000e0000000,0x00000000f2d00000)
  from space 24064K, 0% used [0x00000000f4d00000,0x00000000f4d00000,0x00000000f6480000)
  to   space 30208K, 0% used [0x00000000f2d00000,0x00000000f2d00000,0x00000000f4a80000)
 ParOldGen       total 125440K, used 51910K [0x00000000a0000000, 0x00000000a7a80000, 0x00000000e0000000)
  object space 125440K, 41% used [0x00000000a0000000,0x00000000a32b1940,0x00000000a7a80000)
 Metaspace       used 56693K, capacity 59042K, committed 59136K, reserved 1099776K
  class space    used 7587K, capacity 8102K, committed 8192K, reserved 1048576K
}
Event: 3542.102 GC heap before
{Heap before GC invocations=14 (full 3):
 PSYoungGen      total 332288K, used 308224K [0x00000000e0000000, 0x00000000f6800000, 0x0000000100000000)
  eden space 308224K, 100% used [0x00000000e0000000,0x00000000f2d00000,0x00000000f2d00000)
  from space 24064K, 0% used [0x00000000f4d00000,0x00000000f4d00000,0x00000000f6480000)
  to   space 30208K, 0% used [0x00000000f2d00000,0x00000000f2d00000,0x00000000f4a80000)
 ParOldGen       total 125440K, used 51910K [0x00000000a0000000, 0x00000000a7a80000, 0x00000000e0000000)
  object space 125440K, 41% used [0x00000000a0000000,0x00000000a32b1940,0x00000000a7a80000)
 Metaspace       used 64862K, capacity 67654K, committed 67968K, reserved 1107968K
  class space    used 8423K, capacity 8992K, committed 9088K, reserved 1048576K
Event: 3542.133 GC heap after
Heap after GC invocations=14 (full 3):
 PSYoungGen      total 338432K, used 10491K [0x00000000e0000000, 0x00000000f6800000, 0x0000000100000000)
  eden space 308224K, 0% used [0x00000000e0000000,0x00000000e0000000,0x00000000f2d00000)
  from space 30208K, 34% used [0x00000000f2d00000,0x00000000f373ee50,0x00000000f4a80000)
  to   space 24064K, 0% used [0x00000000f4d00000,0x00000000f4d00000,0x00000000f6480000)
 ParOldGen       total 125440K, used 51918K [0x00000000a0000000, 0x00000000a7a80000, 0x00000000e0000000)
  object space 125440K, 41% used [0x00000000a0000000,0x00000000a32b3940,0x00000000a7a80000)
 Metaspace       used 64862K, capacity 67654K, committed 67968K, reserved 1107968K
  class space    used 8423K, capacity 8992K, committed 9088K, reserved 1048576K
}

Deoptimization events (10 events):
Event: 3546.002 Thread 0x000000005b237800 Uncommon trap: reason=class_check action=maybe_recompile pc=0x00000000034dce2c method=java.util.concurrent.locks.ReentrantLock.lock()V @ 4
Event: 3546.026 Thread 0x000000005b237800 Uncommon trap: reason=unstable_if action=reinterpret pc=0x00000000043d2014 method=java.util.regex.Pattern.range(Ljava/util/regex/Pattern$BitClass;)Ljava/util/regex/Pattern$CharProperty; @ 224
Event: 3546.026 Thread 0x000000005b237800 Uncommon trap: reason=unstable_if action=reinterpret pc=0x00000000043c8c38 method=java.util.regex.Pattern.sequence(Ljava/util/regex/Pattern$Node;)Ljava/util/regex/Pattern$Node; @ 536
Event: 3546.042 Thread 0x000000005b237800 Uncommon trap: reason=unstable_if action=reinterpret pc=0x000000000328df14 method=java.util.Calendar.complete()V @ 4
Event: 3546.059 Thread 0x000000005b237800 Uncommon trap: reason=unstable_if action=reinterpret pc=0x00000000042d5c14 method=java.lang.Integer.parseInt(Ljava/lang/String;I)I @ 122
Event: 3546.064 Thread 0x000000005b237800 Uncommon trap: reason=unstable_if action=reinterpret pc=0x000000000394b9b8 method=java.util.regex.Pattern.append(II)V @ 6
Event: 3546.064 Thread 0x000000005b237800 Uncommon trap: reason=class_check action=maybe_recompile pc=0x00000000034dce2c method=java.util.concurrent.locks.ReentrantLock.lock()V @ 4
Event: 3546.306 Thread 0x000000005b237800 Uncommon trap: reason=null_check action=make_not_entrant pc=0x00000000045706a0 method=org.gradle.api.internal.collections.CollectionFilter.filter(Ljava/lang/Object;)Ljava/lang/Object; @ 5
Event: 3551.724 Thread 0x000000005b237800 Uncommon trap: reason=bimorphic action=maybe_recompile pc=0x0000000003e48f80 method=com.sun.org.apache.xerces.internal.impl.XMLDocumentFragmentScannerImpl.scanDocument(Z)Z @ 147
Event: 3554.574 Thread 0x000000005b237800 Uncommon trap: reason=unstable_if action=reinterpret pc=0x0000000004122190 method=com.google.common.collect.MapMakerInternalMap$Segment.getEntry(Ljava/lang/Object;I)Lcom/google/common/collect/MapMakerInternalMap$ReferenceEntry; @ 40

Internal exceptions (10 events):
Event: 3547.817 Thread 0x000000005b237800 Exception <a 'sun/nio/fs/WindowsException'> (0x00000000e51d4b08) thrown at [C:\src\android\AOSP-openjdk\external\jetbrains\jdk\hotspot\src\share\vm\prims\jni.cpp, line 709]
Event: 3547.847 Thread 0x000000005b237800 Exception <a 'sun/nio/fs/WindowsException'> (0x00000000e51d8578) thrown at [C:\src\android\AOSP-openjdk\external\jetbrains\jdk\hotspot\src\share\vm\prims\jni.cpp, line 709]
Event: 3547.847 Thread 0x000000005b237800 Exception <a 'sun/nio/fs/WindowsException'> (0x00000000e51d8fe0) thrown at [C:\src\android\AOSP-openjdk\external\jetbrains\jdk\hotspot\src\share\vm\prims\jni.cpp, line 709]
Event: 3547.847 Thread 0x000000005b237800 Exception <a 'sun/nio/fs/WindowsException'> (0x00000000e51daa90) thrown at [C:\src\android\AOSP-openjdk\external\jetbrains\jdk\hotspot\src\share\vm\prims\jni.cpp, line 709]
Event: 3547.847 Thread 0x000000005b237800 Exception <a 'sun/nio/fs/WindowsException'> (0x00000000e51db530) thrown at [C:\src\android\AOSP-openjdk\external\jetbrains\jdk\hotspot\src\share\vm\prims\jni.cpp, line 709]
Event: 3551.680 Thread 0x000000005b237800 Exception <a 'java/lang/ClassNotFoundException': com/android/build/gradle/internal/api/ReadOnlyBuildTypeBeanInfo> (0x00000000e64ac978) thrown at [C:\src\android\AOSP-openjdk\external\jetbrains\jdk\hotspot\src\share\vm\classfile\systemDictionary.cpp, line 2
Event: 3551.689 Thread 0x000000005b237800 Exception <a 'java/lang/ClassNotFoundException': com/android/build/gradle/internal/api/ReadOnlyBaseConfigBeanInfo> (0x00000000e64c0e68) thrown at [C:\src\android\AOSP-openjdk\external\jetbrains\jdk\hotspot\src\share\vm\classfile\systemDictionary.cpp, line ôâ§@a¿«@
Event: 3551.690 Thread 0x000000005b237800 Exception <a 'java/lang/ClassNotFoundException': com/android/build/gradle/internal/api/ReadOnlyBaseConfigCustomizer> (0x00000000e64d5390) thrown at [C:\src\android\AOSP-openjdk\external\jetbrains\jdk\hotspot\src\share\vm\classfile\systemDictionary.cpp, linµÁÑ(b¿«@
Event: 3551.692 Thread 0x000000005b237800 Exception <a 'java/lang/ClassNotFoundException': com/android/build/gradle/internal/api/ReadOnlyBuildTypeCustomizer> (0x00000000e64fd538) thrown at [C:\src\android\AOSP-openjdk\external\jetbrains\jdk\hotspot\src\share\vm\classfile\systemDictionary.cpp, line+Rˆ9«¿«@
Event: 3551.834 Thread 0x000000005b237800 Exception <a 'java/lang/NoSuchMethodError': java.lang.Object.lambda$or$2(Ljava/util/function/Predicate;Ljava/lang/Object;)Z> (0x00000000e69a80e0) thrown at [C:\src\android\AOSP-openjdk\external\jetbrains\jdk\hotspot\src\share\vm\interpreter\linkResolver.cpö¯˜¢·«@

Events (10 events):
Event: 3554.575 loading class com/google/common/collect/MapMaker$RemovalCause$1
Event: 3554.575 loading class com/google/common/collect/MapMaker$RemovalCause$1 done
Event: 3554.575 loading class com/google/common/collect/MapMaker$RemovalCause$2
Event: 3554.575 loading class com/google/common/collect/MapMaker$RemovalCause$2 done
Event: 3554.576 loading class com/google/common/collect/MapMaker$RemovalCause$3
Event: 3554.576 loading class com/google/common/collect/MapMaker$RemovalCause$3 done
Event: 3554.576 loading class com/google/common/collect/MapMaker$RemovalCause$4
Event: 3554.576 loading class com/google/common/collect/MapMaker$RemovalCause$4 done
Event: 3554.576 loading class com/google/common/collect/MapMaker$RemovalCause$5
Event: 3554.576 loading class com/google/common/collect/MapMaker$RemovalCause$5 done


Dynamic libraries:
0x000000013fcc0000 - 0x000000013fcf1000 	E:\Android Studio 2\jre\bin\java.exe
0x00000000779d0000 - 0x0000000077b79000 	C:\Windows\SYSTEM32\ntdll.dll
0x00000000777b0000 - 0x00000000778cf000 	C:\Windows\system32\kernel32.dll
0x000007fefd920000 - 0x000007fefd98c000 	C:\Windows\system32\KERNELBASE.dll
0x000007fefe630000 - 0x000007fefe70b000 	C:\Windows\system32\ADVAPI32.dll
0x000007fefdf80000 - 0x000007fefe01f000 	C:\Windows\system32\msvcrt.dll
0x000007fefe340000 - 0x000007fefe35f000 	C:\Windows\SYSTEM32\sechost.dll
0x000007fefe210000 - 0x000007fefe33d000 	C:\Windows\system32\RPCRT4.dll
0x00000000778d0000 - 0x00000000779ca000 	C:\Windows\system32\USER32.dll
0x000007fefea00000 - 0x000007fefea67000 	C:\Windows\system32\GDI32.dll
0x000007fefe020000 - 0x000007fefe02e000 	C:\Windows\system32\LPK.dll
0x000007fefe710000 - 0x000007fefe7d9000 	C:\Windows\system32\USP10.dll
0x000007fefb990000 - 0x000007fefbb84000 	C:\Windows\WinSxS\amd64_microsoft.windows.common-controls_6595b64144ccf1df_6.0.7601.17514_none_fa396087175ac9ac\COMCTL32.dll
0x000007fefe360000 - 0x000007fefe3d1000 	C:\Windows\system32\SHLWAPI.dll
0x000007feffcb0000 - 0x000007feffcde000 	C:\Windows\system32\IMM32.DLL
0x000007fefe3e0000 - 0x000007fefe4e9000 	C:\Windows\system32\MSCTF.dll
0x0000000062180000 - 0x0000000062252000 	E:\Android Studio 2\jre\jre\bin\msvcr100.dll
0x0000000065bf0000 - 0x000000006642c000 	E:\Android Studio 2\jre\jre\bin\server\jvm.dll
0x000007fee5670000 - 0x000007fee5679000 	C:\Windows\system32\WSOCK32.dll
0x000007fefde90000 - 0x000007fefdedd000 	C:\Windows\system32\WS2_32.dll
0x000007fefe7e0000 - 0x000007fefe7e8000 	C:\Windows\system32\NSI.dll
0x000007fef2e70000 - 0x000007fef2eab000 	C:\Windows\system32\WINMM.dll
0x000007fefc8f0000 - 0x000007fefc8fc000 	C:\Windows\system32\VERSION.dll
0x0000000077b90000 - 0x0000000077b97000 	C:\Windows\system32\PSAPI.DLL
0x000007feef990000 - 0x000007feef99f000 	E:\Android Studio 2\jre\jre\bin\verify.dll
0x000007fee88f0000 - 0x000007fee8919000 	E:\Android Studio 2\jre\jre\bin\java.dll
0x000007feeafd0000 - 0x000007feeafe6000 	E:\Android Studio 2\jre\jre\bin\zip.dll
0x000007fefef20000 - 0x000007feffca8000 	C:\Windows\system32\SHELL32.dll
0x000007fefe7f0000 - 0x000007fefe9f3000 	C:\Windows\system32\ole32.dll
0x000007fefd810000 - 0x000007fefd81f000 	C:\Windows\system32\profapi.dll
0x000007feea880000 - 0x000007feea89a000 	E:\Android Studio 2\jre\jre\bin\net.dll
0x000007fefcfe0000 - 0x000007fefd035000 	C:\Windows\system32\mswsock.dll
0x000007fefcfd0000 - 0x000007fefcfd7000 	C:\Windows\System32\wship6.dll
0x000007fee9a40000 - 0x000007fee9a51000 	E:\Android Studio 2\jre\jre\bin\nio.dll
0x000007fee99f0000 - 0x000007fee9a0e000 	C:\Users\Ðîìàí\.gradle\native\23\windows-amd64\native-platform.dll
0x000007fefd040000 - 0x000007fefd057000 	C:\Windows\system32\CRYPTSP.dll
0x000007fefcd40000 - 0x000007fefcd87000 	C:\Windows\system32\rsaenh.dll
0x000007fefd840000 - 0x000007fefd85e000 	C:\Windows\system32\USERENV.dll
0x000007fefd6a0000 - 0x000007fefd6af000 	C:\Windows\system32\CRYPTBASE.dll
0x000007fefb080000 - 0x000007fefb0a7000 	C:\Windows\system32\IPHLPAPI.DLL
0x000007fefb070000 - 0x000007fefb07b000 	C:\Windows\system32\WINNSI.DLL
0x000007fefac30000 - 0x000007fefac48000 	C:\Windows\system32\dhcpcsvc.DLL
0x000007fefac10000 - 0x000007fefac21000 	C:\Windows\system32\dhcpcsvc6.DLL
0x000007feefcd0000 - 0x000007feefcdd000 	E:\Android Studio 2\jre\jre\bin\management.dll
0x000007fefd640000 - 0x000007fefd697000 	C:\Windows\system32\apphelp.dll
0x000007fee8630000 - 0x000007fee8654000 	E:\Android Studio 2\jre\jre\bin\sunec.dll
0x000007fefc9c0000 - 0x000007fefc9c7000 	C:\Windows\System32\wshtcpip.dll
0x000007fefce60000 - 0x000007fefcebb000 	C:\Windows\system32\DNSAPI.dll
0x000007fefa380000 - 0x000007fefa388000 	C:\Windows\system32\rasadhlp.dll
0x000007fefadb0000 - 0x000007fefae03000 	C:\Windows\System32\fwpuclnt.dll
0x000007fee87f0000 - 0x000007fee87fb000 	E:\Android Studio 2\jre\jre\bin\sunmscapi.dll
0x000007fefd990000 - 0x000007fefdafc000 	C:\Windows\system32\CRYPT32.dll
0x000007fefd800000 - 0x000007fefd80f000 	C:\Windows\system32\MSASN1.dll
0x000007fefbfa0000 - 0x000007fefbfb5000 	C:\Windows\system32\NLAapi.dll
0x000007fef8ac0000 - 0x000007fef8ad5000 	C:\Windows\system32\napinsp.dll
0x000007fef8a80000 - 0x000007fef8a99000 	C:\Windows\system32\pnrpnsp.dll
0x000007fef0b60000 - 0x000007fef0b6b000 	C:\Windows\System32\winrnr.dll

VM Arguments:
jvm_args: -Xmx1536m -Dfile.encoding=windows-1251 -Duser.country=RU -Duser.language=ru -Duser.variant 
java_command: org.gradle.launcher.daemon.bootstrap.GradleDaemon 3.3
java_class_path (initial): C:\Users\Ðîìàí\.gradle\wrapper\dists\gradle-3.3-all\55gk2rcmfc6p2dg9u9ohc3hw9\gradle-3.3\lib\gradle-launcher-3.3.jar
Launcher Type: SUN_STANDARD

Environment Variables:
JAVA_HOME=E:/Android Studio 2/jre
PATH=C:\ProgramData\Oracle\Java\javapath;C:\Windows\system32;C:\Windows;C:\Windows\System32\Wbem;C:\Windows\System32\WindowsPowerShell\v1.0\;C:\Program Files\Java\jdk1.8.0_102\bin;C:\Program Files (x86)\Skype\Phone\;C:\Program Files\Microsoft SQL Server\130\Tools\Binn\;C:\Program Files (x86)\Microsoft SQL Server\Client SDK\ODBC\130\Tools\Binn\;C:\Program Files (x86)\Microsoft SQL Server\140\Tools\Binn\;C:\Program Files (x86)\Microsoft SQL Server\140\DTS\Binn\;C:\Program Files (x86)\Microsoft SQL Server\140\Tools\Binn\ManagementStudio\;E:\Git\cmd;C:\Program Files\TortoiseGit\bin;C:\Program Files\Microsoft SQL Server\Client SDK\ODBC\110\Tools\Binn\;C:\Program Files (x86)\Microsoft SQL Server\120\Tools\Binn\;C:\Program Files\Microsoft SQL Server\120\Tools\Binn\;C:\Program Files\Microsoft SQL Server\120\DTS\Binn\;C:\Program Files\dotnet\;C:\Program Files\nodejs\;C:\Users\Ðîìàí\AppData\Roaming\npm
USERNAME=Ðîìàí
OS=Windows_NT
PROCESSOR_IDENTIFIER=Intel64 Family 6 Model 37 Stepping 5, GenuineIntel



---------------  S Y S T E M  ---------------

OS: Windows 7 , 64 bit Build 7601 (6.1.7601.18409)

CPU:total 2 (2 cores per cpu, 1 threads per core) family 6 model 37 stepping 5, cmov, cx8, fxsr, mmx, sse, sse2, sse3, ssse3, popcnt, tsc, tscinvbit

Memory: 4k page, physical 6085480k(627648k free), swap 7107616k(5136k free)

vm_info: OpenJDK 64-Bit Server VM (25.112-b06) for windows-amd64 JRE (1.8.0_112-release-b06), built on Dec  8 2016 00:54:26 by "builder" with MS VC++ 10.0 (VS2010)

time: Mon Jul 31 23:08:16 2017
elapsed time: 3558 seconds (0d 0h 59m 18s)

